#
# There is insufficient memory for the Java Runtime Environment to continue.
# Native memory allocation (mmap) failed to map 8323072 bytes for G1 virtual space
# Possible reasons:
#   The system is out of physical RAM or swap space
#   The process is running with CompressedOops enabled, and the Java Heap may be blocking the growth of the native heap
# Possible solutions:
#   Reduce memory load on the system
#   Increase physical memory or swap space
#   Check if swap backing store is full
#   Decrease Java heap size (-Xmx/-Xms)
#   Decrease number of Java threads
#   Decrease Java thread stack sizes (-Xss)
#   Set larger code cache with -XX:ReservedCodeCacheSize=
#   JVM is running with Zero Based Compressed Oops mode in which the Java heap is
#     placed in the first 32GB address space. The Java Heap base address is the
#     maximum limit for the native heap growth. Please use -XX:HeapBaseMinAddress
#     to set the Java Heap base and to place the Java Heap above 32GB virtual address.
# This output file may be truncated or incomplete.
#
#  Out of Memory Error (os_windows.cpp:3541), pid=19580, tid=23712
#
# JRE version:  (17.0.5+9) (build )
# Java VM: Java HotSpot(TM) 64-Bit Server VM (17.0.5+9-LTS-191, mixed mode, sharing, tiered, compressed oops, compressed class ptrs, g1 gc, windows-amd64)
# No core dump will be written. Minidumps are not enabled by default on client versions of Windows
#

---------------  S U M M A R Y ------------

Command Line: -XX:+ShowCodeDetailsInExceptionMessages -agentlib:jdwp=transport=dt_socket,suspend=y,address=localhost:55405 -javaagent:C:\Users\Admin stagiaire.DESKTOP-8967908\eclipse\jee-2022-12\eclipse\configuration\org.eclipse.osgi\420\0\.cp\lib\javaagent-shaded.jar -Dfile.encoding=UTF-8 fr.dawan.javaexception.exception_personnalisee.Application

Host: Intel(R) Core(TM) i7-10750H CPU @ 2.60GHz, 12 cores, 31G,  Windows 10 , 64 bit Build 19041 (10.0.19041.1889)
Time: Fri Jan 13 10:01:48 2023 Paris, Madrid elapsed time: 0.008226 seconds (0d 0h 0m 0s)

---------------  T H R E A D  ---------------

Current thread (0x00000270da021970):  JavaThread "Unknown thread" [_thread_in_vm, id=23712, stack(0x000000b80dc00000,0x000000b80dd00000)]

Stack: [0x000000b80dc00000,0x000000b80dd00000]
Native frames: (J=compiled Java code, j=interpreted, Vv=VM code, C=native code)
V  [jvm.dll+0x672eea]
V  [jvm.dll+0x7d2a04]
V  [jvm.dll+0x7d41ae]
V  [jvm.dll+0x7d4813]
V  [jvm.dll+0x242c15]
V  [jvm.dll+0x66fe09]
V  [jvm.dll+0x664682]
V  [jvm.dll+0x300e8b]
V  [jvm.dll+0x308426]
V  [jvm.dll+0x358028]
V  [jvm.dll+0x35822f]
V  [jvm.dll+0x2d80a8]
V  [jvm.dll+0x2d9014]
V  [jvm.dll+0x7a44e1]
V  [jvm.dll+0x365df1]
V  [jvm.dll+0x7838fc]
V  [jvm.dll+0x3e873f]
V  [jvm.dll+0x3ea1e1]
C  [jli.dll+0x527b]
C  [ucrtbase.dll+0x21bb2]
C  [KERNEL32.DLL+0x17034]
C  [ntdll.dll+0x526a1]


---------------  P R O C E S S  ---------------

Threads class SMR info:
_java_thread_list=0x00007ff96c42a8d8, length=0, elements={
}

Java Threads: ( => current thread )

Other Threads:
  0x00000270da0cc9c0 GCTaskThread "GC Thread#0" [stack: 0x000000b80dd00000,0x000000b80de00000] [id=18352]
  0x00000270da0ded00 ConcurrentGCThread "G1 Main Marker" [stack: 0x000000b80de00000,0x000000b80df00000] [id=33840]
  0x00000270da0df620 ConcurrentGCThread "G1 Conc#0" [stack: 0x000000b80df00000,0x000000b80e000000] [id=26996]

[error occurred during error reporting (printing all threads), id 0xc0000005, EXCEPTION_ACCESS_VIOLATION (0xc0000005) at pc=0x00007ff96bc78a97]

VM state: not at safepoint (not fully initialized)

VM Mutex/Monitor currently owned by a thread:  ([mutex/lock_event])
[0x00000270da01ea50] Heap_lock - owner thread: 0x00000270da021970

Heap address: 0x0000000605800000, size: 8104 MB, Compressed Oops mode: Zero based, Oop shift amount: 3

CDS archive(s) mapped at: [0x0000000000000000-0x0000000000000000-0x0000000000000000), size 0, SharedBaseAddress: 0x0000000800000000, ArchiveRelocationMode: 0.
Narrow klass base: 0x0000000000000000, Narrow klass shift: 0, Narrow klass range: 0x0

GC Precious Log:
<Empty>

Heap:
 garbage-first heap   total 0K, used 0K [0x0000000605800000, 0x0000000800000000)
  region size 4096K, 0 young (0K), 0 survivors (0K)

[error occurred during error reporting (printing heap information), id 0xc0000005, EXCEPTION_ACCESS_VIOLATION (0xc0000005) at pc=0x00007ff96c05c399]

GC Heap History (0 events):
No events

Deoptimization events (0 events):
No events

Classes unloaded (0 events):
No events

Classes redefined (0 events):
No events

Internal exceptions (0 events):
No events

VM Operations (0 events):
No events

Events (1 events):
Event: 0.004 Loaded shared library C:\Program Files\Java\jdk-17.0.5\bin\java.dll


Dynamic libraries:
0x00007ff7e6230000 - 0x00007ff7e6240000 	C:\Program Files\Java\jdk-17.0.5\bin\javaw.exe
0x00007ffa11b70000 - 0x00007ffa11d68000 	C:\WINDOWS\SYSTEM32\ntdll.dll
0x00007ffa10850000 - 0x00007ffa1090d000 	C:\WINDOWS\System32\KERNEL32.DLL
0x00007ffa0f660000 - 0x00007ffa0f932000 	C:\WINDOWS\System32\KERNELBASE.dll
0x00007ffa0fa80000 - 0x00007ffa0fb80000 	C:\WINDOWS\System32\ucrtbase.dll
0x00007ff9f2ab0000 - 0x00007ff9f2aca000 	C:\Program Files\Java\jdk-17.0.5\bin\VCRUNTIME140.dll
0x00007ff9f6620000 - 0x00007ff9f6638000 	C:\Program Files\Java\jdk-17.0.5\bin\jli.dll
0x00007ffa10910000 - 0x00007ffa109be000 	C:\WINDOWS\System32\ADVAPI32.dll
0x00007ffa11a90000 - 0x00007ffa11b2e000 	C:\WINDOWS\System32\msvcrt.dll
0x00007ffa106a0000 - 0x00007ffa1073c000 	C:\WINDOWS\System32\sechost.dll
0x00007ffa112b0000 - 0x00007ffa113d5000 	C:\WINDOWS\System32\RPCRT4.dll
0x00007ffa11590000 - 0x00007ffa1172d000 	C:\WINDOWS\System32\USER32.dll
0x00007ff9f85b0000 - 0x00007ff9f884a000 	C:\WINDOWS\WinSxS\amd64_microsoft.windows.common-controls_6595b64144ccf1df_6.0.19041.1110_none_60b5254171f9507e\COMCTL32.dll
0x00007ffa0f390000 - 0x00007ffa0f3b2000 	C:\WINDOWS\System32\win32u.dll
0x00007ffa10820000 - 0x00007ffa1084b000 	C:\WINDOWS\System32\GDI32.dll
0x00007ffa0f280000 - 0x00007ffa0f38f000 	C:\WINDOWS\System32\gdi32full.dll
0x00007ffa0f3f0000 - 0x00007ffa0f48d000 	C:\WINDOWS\System32\msvcp_win.dll
0x00007ffa036d0000 - 0x00007ffa036da000 	C:\WINDOWS\SYSTEM32\VERSION.dll
0x00007ffa0fd50000 - 0x00007ffa0fd80000 	C:\WINDOWS\System32\IMM32.DLL
0x00007ffa076e0000 - 0x00007ffa076ec000 	C:\Program Files\Java\jdk-17.0.5\bin\vcruntime140_1.dll
0x00007ff9c4750000 - 0x00007ff9c47dd000 	C:\Program Files\Java\jdk-17.0.5\bin\msvcp140.dll
0x00007ff96b990000 - 0x00007ff96c552000 	C:\Program Files\Java\jdk-17.0.5\bin\server\jvm.dll
0x00007ffa11440000 - 0x00007ffa11448000 	C:\WINDOWS\System32\PSAPI.DLL
0x00007ffa031f0000 - 0x00007ffa031f9000 	C:\WINDOWS\SYSTEM32\WSOCK32.dll
0x00007ff9f56d0000 - 0x00007ff9f56f7000 	C:\WINDOWS\SYSTEM32\WINMM.dll
0x00007ffa11790000 - 0x00007ffa117fb000 	C:\WINDOWS\System32\WS2_32.dll
0x00007ffa0dad0000 - 0x00007ffa0dae2000 	C:\WINDOWS\SYSTEM32\kernel.appcore.dll
0x00007ff9f8170000 - 0x00007ff9f817a000 	C:\Program Files\Java\jdk-17.0.5\bin\jimage.dll
0x00007ffa09580000 - 0x00007ffa09764000 	C:\WINDOWS\SYSTEM32\DBGHELP.DLL
0x00007ff9e05a0000 - 0x00007ff9e05cc000 	C:\WINDOWS\SYSTEM32\dbgcore.DLL
0x00007ffa0f940000 - 0x00007ffa0f9c2000 	C:\WINDOWS\System32\bcryptPrimitives.dll
0x00007ff9d13a0000 - 0x00007ff9d13db000 	C:\Program Files\Java\jdk-17.0.5\bin\jdwp.dll
0x00007ff9f7ed0000 - 0x00007ff9f7ede000 	C:\Program Files\Java\jdk-17.0.5\bin\instrument.dll
0x00007ff9d1370000 - 0x00007ff9d1395000 	C:\Program Files\Java\jdk-17.0.5\bin\java.dll

dbghelp: loaded successfully - version: 4.0.5 - missing functions: none
symbol engine: initialized successfully - sym options: 0x614 - pdb path: .;C:\Program Files\Java\jdk-17.0.5\bin;C:\WINDOWS\SYSTEM32;C:\WINDOWS\WinSxS\amd64_microsoft.windows.common-controls_6595b64144ccf1df_6.0.19041.1110_none_60b5254171f9507e;C:\Program Files\Java\jdk-17.0.5\bin\server

VM Arguments:
jvm_args: -XX:+ShowCodeDetailsInExceptionMessages -agentlib:jdwp=transport=dt_socket,suspend=y,address=localhost:55405 -javaagent:C:\Users\Admin stagiaire.DESKTOP-8967908\eclipse\jee-2022-12\eclipse\configuration\org.eclipse.osgi\420\0\.cp\lib\javaagent-shaded.jar -Dfile.encoding=UTF-8 
java_command: fr.dawan.javaexception.exception_personnalisee.Application
java_class_path (initial): C:\Users\Admin stagiaire.DESKTOP-8967908\Desktop\MiseEnPratique\formationCDA2023\JavaInitiationApprofondissement\javaException\bin
Launcher Type: SUN_STANDARD

[Global flags]
     intx CICompilerCount                          = 4                                         {product} {ergonomic}
     uint ConcGCThreads                            = 3                                         {product} {ergonomic}
     uint G1ConcRefinementThreads                  = 10                                        {product} {ergonomic}
   size_t G1HeapRegionSize                         = 4194304                                   {product} {ergonomic}
    uintx GCDrainStackTargetSize                   = 64                                        {product} {ergonomic}
   size_t InitialHeapSize                          = 532676608                                 {product} {ergonomic}
   size_t MarkStackSize                            = 4194304                                   {product} {ergonomic}
   size_t MaxHeapSize                              = 8497659904                                {product} {ergonomic}
   size_t MinHeapDeltaBytes                        = 4194304                                   {product} {ergonomic}
   size_t MinHeapSize                              = 8388608                                   {product} {ergonomic}
    uintx NonNMethodCodeHeapSize                   = 5839372                                {pd product} {ergonomic}
    uintx NonProfiledCodeHeapSize                  = 122909434                              {pd product} {ergonomic}
    uintx ProfiledCodeHeapSize                     = 122909434                              {pd product} {ergonomic}
    uintx ReservedCodeCacheSize                    = 251658240                              {pd product} {ergonomic}
     bool SegmentedCodeCache                       = true                                      {product} {ergonomic}
     bool ShowCodeDetailsInExceptionMessages       = true                                   {manageable} {command line}
   size_t SoftMaxHeapSize                          = 8497659904                             {manageable} {ergonomic}
     bool UseCompressedClassPointers               = true                           {product lp64_product} {ergonomic}
     bool UseCompressedOops                        = true                           {product lp64_product} {ergonomic}
     bool UseG1GC                                  = true                                      {product} {ergonomic}
     bool UseLargePagesIndividualAllocation        = false                                  {pd product} {ergonomic}

Logging:
Log output configuration:
 #0: stdout all=warning uptime,level,tags
 #1: stderr all=off uptime,level,tags

Environment Variables:
JAVA_HOME=C:\Program Files\Java\jdk-17.0.5
CLASSPATH=.;
PATH=C:/Users/Admin stagiaire.DESKTOP-8967908/.p2/pool/plugins/org.eclipse.justj.openjdk.hotspot.jre.full.win32.x86_64_17.0.5.v20221102-0933/jre/bin/server;C:/Users/Admin stagiaire.DESKTOP-8967908/.p2/pool/plugins/org.eclipse.justj.openjdk.hotspot.jre.full.win32.x86_64_17.0.5.v20221102-0933/jre/bin;C:\Program Files\Java\jdk-17.0.5\bin;C:\Program Files\Java\jdk1.8.0_301\bin;C:\Program Files\Common Files\Oracle\Java\javapath;C:\Program Files (x86)\Common Files\Oracle\Java\javapath;C:\Windows\system32;C:\Windows;C:\Windows\System32\Wbem;C:\Windows\System32\WindowsPowerShell\v1.0\;C:\Windows\System32\OpenSSH\;C:\ProgramData\chocolatey\bin;C:\Users\Admin\AppData\Local\Microsoft\WindowsApps;C:\Program Files (x86)\InnoSetup6;C:\Program Files\Git\bin;C:\Program Files\Oracle\VirtualBox;C:\WINDOWS\system32;C:\WINDOWS;C:\WINDOWS\System32\Wbem;C:\WINDOWS\System32\WindowsPowerShell\v1.0\;C:\WINDOWS\System32\OpenSSH\;C:\Program Files\Microsoft SQL Server\130\Tools\Binn\;C:\Program Files\Microsoft SQL Server\Client SDK\ODBC\170\Tools\Binn\;C:\Program Files (x86)\Microsoft SQL Server\150\Tools\Binn\;C:\Program Files\Microsoft SQL Server\150\Tools\Binn\;C:\Program Files\Microsoft SQL Server\150\DTS\Binn\;C:\Program Files (x86)\Microsoft SQL Server\150\DTS\Binn\;C:\Program Files\Azure Data Studio\bin;C:\Program Files\dotnet\;C:\Program Files (x86)\InnoSetup6;C:\Program Files (x86)\NVIDIA Corporation\PhysX\Common;C:\Program Files\nodejs\;C:\apache-maven-3.8.5\bin;C:\Users\Admin stagiaire.DESKTOP-8967908\AppData\Local\Microsoft\WindowsApps;C:\Users\Admin stagiaire.DESKTOP-8967908\AppData\Local\Programs\Microsoft VS Code\bin;C:\Program Files\Azure Data Studio\bin;C:\Users\Admin stagiaire.DESKTOP-8967908\.dotnet\tools;C:\Users\Admin stagiaire.DESKTOP-8967908\AppData\Roaming\npm;C:\WINDOWS\system32;
USERNAME=Admin stagiaire
OS=Windows_NT
PROCESSOR_IDENTIFIER=Intel64 Family 6 Model 165 Stepping 2, GenuineIntel



---------------  S Y S T E M  ---------------

OS:
 Windows 10 , 64 bit Build 19041 (10.0.19041.1889)
OS uptime: 3 days 11:18 hours

CPU: total 12 (initial active 12) (6 cores per cpu, 2 threads per core) family 6 model 165 stepping 2 microcode 0xea, cx8, cmov, fxsr, ht, mmx, 3dnowpref, sse, sse2, sse3, ssse3, sse4.1, sse4.2, popcnt, lzcnt, tsc, tscinvbit, avx, avx2, aes, erms, clmul, bmi1, bmi2, adx, fma, vzeroupper, clflush, clflushopt

Memory: 4k page, system-wide physical 32401M (12027M free)
TotalPageFile size 40497M (AvailPageFile size 13M)
current process WorkingSet (physical memory assigned to process): 10M, peak: 10M
current process commit charge ("private bytes"): 581M, peak: 589M

vm_info: Java HotSpot(TM) 64-Bit Server VM (17.0.5+9-LTS-191) for windows-amd64 JRE (17.0.5+9-LTS-191), built on Sep 13 2022 17:31:43 by "mach5one" with MS VC++ 16.8 / 16.9 (VS2019)

END.
